<?xml version="1.0" encoding="UTF-8"?>
<!-- Generated by org.testng.reporters.JUnitXMLReporter -->
<testsuite hostname="Mypc" name="Test" tests="2" failures="1" timestamp="31 Aug 2017 01:16:41 GMT" time="46.293" errors="0">
  <testcase name="org_Emp" time="9.006" classname="testNG.EmpReg"/>
  <testcase name="org_Userreg" time="24.993" classname="testNG.Userreg">
    <failure type="java.lang.AssertionError" message="expected [true] but found [false]">
      <![CDATA[java.lang.AssertionError: expected [true] but found [false]
	at testNG.Userreg.org_Userreg(Userreg.java:44)
... Removed 29 stack frames]]>
    </failure>
  </testcase> <!-- org_Userreg -->
</testsuite> <!-- Test -->
